This is pdfTeX, Version 3.14159265-2.6-1.40.17 (TeX Live 2016) (preloaded format=pdflatex 2016.5.22)  5 NOV 2017 17:37
entering extended mode
 restricted \write18 enabled.
 %&-line parsing enabled.
**HW5_SEM.tex
(./HW5_SEM.tex
LaTeX2e <2016/03/31>
Babel <3.9r> and hyphenation patterns for 83 language(s) loaded.
(/usr/local/texlive/2016/texmf-dist/tex/latex/base/article.cls
Document Class: article 2014/09/29 v1.4h Standard LaTeX document class
(/usr/local/texlive/2016/texmf-dist/tex/latex/base/size10.clo
File: size10.clo 2014/09/29 v1.4h Standard LaTeX file (size option)
)
\c@part=\count79
\c@section=\count80
\c@subsection=\count81
\c@subsubsection=\count82
\c@paragraph=\count83
\c@subparagraph=\count84
\c@figure=\count85
\c@table=\count86
\abovecaptionskip=\skip41
\belowcaptionskip=\skip42
\bibindent=\dimen102
)
(/usr/local/texlive/2016/texmf-dist/tex/latex/graphics/graphicx.sty
Package: graphicx 2014/10/28 v1.0g Enhanced LaTeX Graphics (DPC,SPQR)

(/usr/local/texlive/2016/texmf-dist/tex/latex/graphics/keyval.sty
Package: keyval 2014/10/28 v1.15 key=value parser (DPC)
\KV@toks@=\toks14
)
(/usr/local/texlive/2016/texmf-dist/tex/latex/graphics/graphics.sty
Package: graphics 2016/05/09 v1.0r Standard LaTeX Graphics (DPC,SPQR)

(/usr/local/texlive/2016/texmf-dist/tex/latex/graphics/trig.sty
Package: trig 2016/01/03 v1.10 sin cos tan (DPC)
)
(/usr/local/texlive/2016/texmf-dist/tex/latex/graphics-cfg/graphics.cfg
File: graphics.cfg 2016/01/02 v1.10 sample graphics configuration
)
Package graphics Info: Driver file: pdftex.def on input line 96.

(/usr/local/texlive/2016/texmf-dist/tex/latex/pdftex-def/pdftex.def
File: pdftex.def 2011/05/27 v0.06d Graphics/color for pdfTeX

(/usr/local/texlive/2016/texmf-dist/tex/generic/oberdiek/infwarerr.sty
Package: infwarerr 2016/05/16 v1.4 Providing info/warning/error messages (HO)
)
(/usr/local/texlive/2016/texmf-dist/tex/generic/oberdiek/ltxcmds.sty
Package: ltxcmds 2016/05/16 v1.23 LaTeX kernel commands for general use (HO)
)
\Gread@gobject=\count87
))
\Gin@req@height=\dimen103
\Gin@req@width=\dimen104
)
(/usr/local/texlive/2016/texmf-dist/tex/latex/graphics/color.sty
Package: color 2016/05/09 v1.1c Standard LaTeX Color (DPC)

(/usr/local/texlive/2016/texmf-dist/tex/latex/graphics-cfg/color.cfg
File: color.cfg 2016/01/02 v1.6 sample color configuration
)
Package color Info: Driver file: pdftex.def on input line 144.
)
(/usr/local/texlive/2016/texmf-dist/tex/latex/framed/framed.sty
Package: framed 2011/10/22 v 0.96: framed or shaded text with page breaks
\OuterFrameSep=\skip43
\fb@frw=\dimen105
\fb@frh=\dimen106
\FrameRule=\dimen107
\FrameSep=\dimen108
)
(/usr/local/texlive/2016/texmf-dist/tex/latex/base/alltt.sty
Package: alltt 1997/06/16 v2.0g defines alltt environment
)
(/usr/local/texlive/2016/texmf-dist/tex/latex/preprint/fullpage.sty
Package: fullpage 1999/02/23 1.1 (PWD)
\FP@margin=\skip44
)
(/usr/local/texlive/2016/texmf-dist/tex/latex/tools/dcolumn.sty
Package: dcolumn 2014/10/28 v1.06 decimal alignment package (DPC)

(/usr/local/texlive/2016/texmf-dist/tex/latex/tools/array.sty
Package: array 2014/10/28 v2.4c Tabular extension package (FMi)
\col@sep=\dimen109
\extrarowheight=\dimen110
\NC@list=\toks15
\extratabsurround=\skip45
\backup@length=\skip46
))
(/usr/local/texlive/2016/texmf-dist/tex/latex/upquote/upquote.sty
Package: upquote 2012/04/19 v1.3 upright-quote and grave-accent glyphs in verba
tim
)
(./HW5_SEM.aux)
\openout1 = `HW5_SEM.aux'.

LaTeX Font Info:    Checking defaults for OML/cmm/m/it on input line 56.
LaTeX Font Info:    ... okay on input line 56.
LaTeX Font Info:    Checking defaults for T1/cmr/m/n on input line 56.
LaTeX Font Info:    ... okay on input line 56.
LaTeX Font Info:    Checking defaults for OT1/cmr/m/n on input line 56.
LaTeX Font Info:    ... okay on input line 56.
LaTeX Font Info:    Checking defaults for OMS/cmsy/m/n on input line 56.
LaTeX Font Info:    ... okay on input line 56.
LaTeX Font Info:    Checking defaults for OMX/cmex/m/n on input line 56.
LaTeX Font Info:    ... okay on input line 56.
LaTeX Font Info:    Checking defaults for U/cmr/m/n on input line 56.
LaTeX Font Info:    ... okay on input line 56.

(/usr/local/texlive/2016/texmf-dist/tex/context/base/mkii/supp-pdf.mkii
[Loading MPS to PDF converter (version 2006.09.02).]
\scratchcounter=\count88
\scratchdimen=\dimen111
\scratchbox=\box26
\nofMPsegments=\count89
\nofMParguments=\count90
\everyMPshowfont=\toks16
\MPscratchCnt=\count91
\MPscratchDim=\dimen112
\MPnumerator=\count92
\makeMPintoPDFobject=\count93
\everyMPtoPDFconversion=\toks17
) (/usr/local/texlive/2016/texmf-dist/tex/generic/oberdiek/pdftexcmds.sty
Package: pdftexcmds 2016/05/10 v0.21 Utility functions of pdfTeX for LuaTeX (HO
)

(/usr/local/texlive/2016/texmf-dist/tex/generic/oberdiek/ifluatex.sty
Package: ifluatex 2016/05/16 v1.4 Provides the ifluatex switch (HO)
Package ifluatex Info: LuaTeX not detected.
)
(/usr/local/texlive/2016/texmf-dist/tex/generic/oberdiek/ifpdf.sty
Package: ifpdf 2016/05/14 v3.1 Provides the ifpdf switch
)
Package pdftexcmds Info: LuaTeX not detected.
Package pdftexcmds Info: \pdf@primitive is available.
Package pdftexcmds Info: \pdf@ifprimitive is available.
Package pdftexcmds Info: \pdfdraftmode found.
)
(/usr/local/texlive/2016/texmf-dist/tex/latex/oberdiek/epstopdf-base.sty
Package: epstopdf-base 2016/05/15 v2.6 Base part for package epstopdf

(/usr/local/texlive/2016/texmf-dist/tex/latex/oberdiek/grfext.sty
Package: grfext 2016/05/16 v1.2 Manage graphics extensions (HO)

(/usr/local/texlive/2016/texmf-dist/tex/generic/oberdiek/kvdefinekeys.sty
Package: kvdefinekeys 2016/05/16 v1.4 Define keys (HO)
))
(/usr/local/texlive/2016/texmf-dist/tex/latex/oberdiek/kvoptions.sty
Package: kvoptions 2016/05/16 v3.12 Key value format for package options (HO)

(/usr/local/texlive/2016/texmf-dist/tex/generic/oberdiek/kvsetkeys.sty
Package: kvsetkeys 2016/05/16 v1.17 Key value parser (HO)

(/usr/local/texlive/2016/texmf-dist/tex/generic/oberdiek/etexcmds.sty
Package: etexcmds 2016/05/16 v1.6 Avoid name clashes with e-TeX commands (HO)
Package etexcmds Info: Could not find \expanded.
(etexcmds)             That can mean that you are not using pdfTeX 1.50 or
(etexcmds)             that some package has redefined \expanded.
(etexcmds)             In the latter case, load this package earlier.
)))
Package grfext Info: Graphics extension search list:
(grfext)             [.png,.pdf,.jpg,.mps,.jpeg,.jbig2,.jb2,.PNG,.PDF,.JPG,.JPE
G,.JBIG2,.JB2,.eps]
(grfext)             \AppendGraphicsExtensions on input line 456.

(/usr/local/texlive/2016/texmf-dist/tex/latex/latexconfig/epstopdf-sys.cfg
File: epstopdf-sys.cfg 2010/07/13 v1.3 Configuration of (r)epstopdf for TeX Liv
e
))
Package color Info: Redefining color shadecolor on input line 63.
LaTeX Font Info:    Font shape `OT1/cmtt/bx/n' in size <10> not available
(Font)              Font shape `OT1/cmtt/m/n' tried instead on input line 65.

[1

{/usr/local/texlive/2016/texmf-var/fonts/map/pdftex/updmap/pdftex.map}]
Package color Info: Redefining color shadecolor on input line 161.

Overfull \hbox (65.74031pt too wide) in paragraph at lines 164--165
[][]\OT1/cmtt/m/n/10 plans.model[] []<-[] []" make  =~ makedietplans + planmeal
times + makeexerplan +  makeexertimes + maketempplan[] 
 []


Overfull \hbox (107.73994pt too wide) in paragraph at lines 165--165
[]              \OT1/cmtt/m/n/10 follow =~ followdietplans + followmealtimes + 
followexerplan + followexertimes + followtempplan"[][] 
 []

[2]
Underfull \vbox (badness 10000) detected at line 254
 []


Underfull \vbox (badness 10000) detected at line 254
 []

[3] <figure/unnamed-chunk-2-1.pdf, id=17, 505.89pt x 505.89pt>
File: figure/unnamed-chunk-2-1.pdf Graphic file (type pdf)

<use figure/unnamed-chunk-2-1.pdf>
Package pdftex.def Info: figure/unnamed-chunk-2-1.pdf used on input line 255.
(pdftex.def)             Requested size: 469.75502pt x 469.76265pt.
 [4]
Overfull \vbox (0.2993pt too high) detected at line 345
 []

[5 <./figure/unnamed-chunk-2-1.pdf>]
Underfull \vbox (badness 10000) detected at line 345
 []


Underfull \vbox (badness 10000) detected at line 345
 []

[6] <figure/unnamed-chunk-2-2.pdf, id=32, 505.89pt x 505.89pt>
File: figure/unnamed-chunk-2-2.pdf Graphic file (type pdf)

<use figure/unnamed-chunk-2-2.pdf>
Package pdftex.def Info: figure/unnamed-chunk-2-2.pdf used on input line 346.
(pdftex.def)             Requested size: 469.75502pt x 469.76265pt.
 [7]
Package color Info: Redefining color shadecolor on input line 360.

Overfull \hbox (45.58044pt too wide) in paragraph at lines 372--372
[]\OT1/cmtt/m/n/10 ## Warning in lav[]object[]post[]check(object): lavaan WARNI
NG: covariance matrix of latent variables 
 []

[8 <./figure/unnamed-chunk-2-2.pdf>] [9]
<figure/unnamed-chunk-3-1.pdf, id=48, 505.89pt x 505.89pt>
File: figure/unnamed-chunk-3-1.pdf Graphic file (type pdf)

<use figure/unnamed-chunk-3-1.pdf>
Package pdftex.def Info: figure/unnamed-chunk-3-1.pdf used on input line 453.
(pdftex.def)             Requested size: 469.75502pt x 469.76265pt.
 [10] [11 <./figure/unnamed-chunk-3-1.pdf>]
Underfull \vbox (badness 10000) detected at line 536
 []


Underfull \vbox (badness 10000) detected at line 536
 []

[12] <figure/unnamed-chunk-3-2.pdf, id=63, 505.89pt x 505.89pt>
File: figure/unnamed-chunk-3-2.pdf Graphic file (type pdf)

<use figure/unnamed-chunk-3-2.pdf>
Package pdftex.def Info: figure/unnamed-chunk-3-2.pdf used on input line 537.
(pdftex.def)             Requested size: 469.75502pt x 469.76265pt.
 [13]
Package color Info: Redefining color shadecolor on input line 552.
 [14 <./figure/unnamed-chunk-3-2.pdf>]
Overfull \hbox (10.30077pt too wide) in paragraph at lines 572--573
[]\OT1/cmtt/m/n/10 ## Warning in lav[]model[]vcov(lavmodel = lavmodel, lavsampl
estats = lavsamplestats, : lavaan
 []


Overfull \hbox (50.8304pt too wide) in paragraph at lines 574--574
[]\OT1/cmtt/m/n/10 ## Warning in lav[]object[]post[]check(object): lavaan WARNI
NG: the covariance matrix of the residuals
 []


Overfull \hbox (44.7405pt too wide) in paragraph at lines 772--772
[]\OT1/cmtt/m/n/10 ## Warning in lavaan::lavaan(model = long.cross, data = plan
sub, std.lv = TRUE, : lavaan WARNING:
 []


Overfull \hbox (7.99081pt too wide) in paragraph at lines 789--789
[]\OT1/cmtt/m/n/10 ## Warning in .local(object, ...): lavaan WARNING: fit measu
res not available if model did
 []

[15]
Underfull \vbox (badness 10000) detected at line 936
 []


Underfull \vbox (badness 10000) detected at line 936
 []

[16]
Underfull \vbox (badness 10000) detected at line 936
 []


Underfull \vbox (badness 10000) detected at line 936
 []

[17]
Underfull \vbox (badness 10000) detected at line 936
 []


Underfull \vbox (badness 10000) detected at line 936
 []

[18] [19]
Underfull \vbox (badness 10000) detected at line 936
 []


Underfull \vbox (badness 10000) detected at line 936
 []

[20]
Underfull \vbox (badness 10000) detected at line 936
 []


Underfull \vbox (badness 10000) detected at line 936
 []

[21]
Package color Info: Redefining color shadecolor on input line 945.

Overfull \hbox (14.08072pt too wide) in paragraph at lines 953--953
[]\OT1/cmtt/m/n/10 ## Warning in lav[]object[]post[]check(object): lavaan WARNI
NG: some estimated ov variances are
 []

[22] <figure/unnamed-chunk-5-1.pdf, id=101, 505.89pt x 505.89pt>
File: figure/unnamed-chunk-5-1.pdf Graphic file (type pdf)

<use figure/unnamed-chunk-5-1.pdf>
Package pdftex.def Info: figure/unnamed-chunk-5-1.pdf used on input line 998.
(pdftex.def)             Requested size: 469.75502pt x 469.76265pt.
 [23]
Overfull \hbox (45.58044pt too wide) in paragraph at lines 1009--1009
[]\OT1/cmtt/m/n/10 ## Warning in lav[]object[]post[]check(object): lavaan WARNI
NG: covariance matrix of latent variables 
 []


Overfull \hbox (7.99081pt too wide) in paragraph at lines 1074--1074
[]\OT1/cmtt/m/n/10 ## Warning in qgraph(Edgelist, labels = nLab, bidirectional 
= Bidir, directed = Directed, :
 []

[24 <./figure/unnamed-chunk-5-1.pdf>] [25]
<figure/unnamed-chunk-5-2.pdf, id=117, 505.89pt x 505.89pt>
File: figure/unnamed-chunk-5-2.pdf Graphic file (type pdf)

<use figure/unnamed-chunk-5-2.pdf>
Package pdftex.def Info: figure/unnamed-chunk-5-2.pdf used on input line 1075.
(pdftex.def)             Requested size: 469.75502pt x 469.76265pt.
 [26 <./figure/unnamed-chunk-5-2.pdf>]
[27] <figure/unnamed-chunk-5-3.pdf, id=129, 505.89pt x 505.89pt>
File: figure/unnamed-chunk-5-3.pdf Graphic file (type pdf)

<use figure/unnamed-chunk-5-3.pdf>
Package pdftex.def Info: figure/unnamed-chunk-5-3.pdf used on input line 1151.
(pdftex.def)             Requested size: 469.75502pt x 469.76265pt.
 [28 <./figure/unnamed-chunk-5-3.pdf>]
[29] [30]
Package color Info: Redefining color shadecolor on input line 1328.
 [31]
Overfull \hbox (45.58044pt too wide) in paragraph at lines 1341--1341
[]\OT1/cmtt/m/n/10 ## Warning in lav[]object[]post[]check(object): lavaan WARNI
NG: covariance matrix of latent variables 
 []


Overfull \hbox (45.58044pt too wide) in paragraph at lines 1398--1398
[]\OT1/cmtt/m/n/10 ## Warning in lav[]object[]post[]check(object): lavaan WARNI
NG: covariance matrix of latent variables 
 []

[32] [33]
Package color Info: Redefining color shadecolor on input line 1474.
Package color Info: Redefining color shadecolor on input line 1498.
 [34]
Overfull \hbox (45.58044pt too wide) in paragraph at lines 1508--1508
[]\OT1/cmtt/m/n/10 ## Warning in lav[]object[]post[]check(object): lavaan WARNI
NG: covariance matrix of latent variables 
 []


Overfull \hbox (45.58044pt too wide) in paragraph at lines 1624--1624
[]\OT1/cmtt/m/n/10 ## Warning in lav[]object[]post[]check(object): lavaan WARNI
NG: covariance matrix of latent variables 
 []


Overfull \hbox (7.99081pt too wide) in paragraph at lines 1683--1683
[]\OT1/cmtt/m/n/10 ## Warning in qgraph(Edgelist, labels = nLab, bidirectional 
= Bidir, directed = Directed, :
 []

[35] [36] [37] <figure/unnamed-chunk-8-1.pdf, id=168, 505.89pt x 505.89pt>
File: figure/unnamed-chunk-8-1.pdf Graphic file (type pdf)

<use figure/unnamed-chunk-8-1.pdf>
Package pdftex.def Info: figure/unnamed-chunk-8-1.pdf used on input line 1684.
(pdftex.def)             Requested size: 469.75502pt x 469.76265pt.
 [38]
Package color Info: Redefining color shadecolor on input line 1694.

Overfull \hbox (45.58044pt too wide) in paragraph at lines 1704--1704
[]\OT1/cmtt/m/n/10 ## Warning in lav[]object[]post[]check(object): lavaan WARNI
NG: covariance matrix of latent variables 
 []


Overfull \hbox (7.99081pt too wide) in paragraph at lines 1815--1815
[]\OT1/cmtt/m/n/10 ## Warning in qgraph(Edgelist, labels = nLab, bidirectional 
= Bidir, directed = Directed, :
 []

[39 <./figure/unnamed-chunk-8-1.pdf>] [40] [41]
<figure/unnamed-chunk-9-1.pdf, id=186, 505.89pt x 505.89pt>
File: figure/unnamed-chunk-9-1.pdf Graphic file (type pdf)

<use figure/unnamed-chunk-9-1.pdf>
Package pdftex.def Info: figure/unnamed-chunk-9-1.pdf used on input line 1816.
(pdftex.def)             Requested size: 469.75502pt x 469.76265pt.
Package color Info: Redefining color shadecolor on input line 1826.
 [42 <./figure/unnamed-chunk-9-1.pdf>]
[43] (./HW5_SEM.aux) ) 
Here is how much of TeX's memory you used:
 1739 strings out of 493014
 26012 string characters out of 6133351
 169991 words of memory out of 5000000
 5260 multiletter control sequences out of 15000+600000
 5555 words of font info for 21 fonts, out of 8000000 for 9000
 1141 hyphenation exceptions out of 8191
 38i,5n,27p,374b,244s stack positions out of 5000i,500n,10000p,200000b,80000s
</usr/local/texlive/2016/texmf-dist/fonts/type1/public/am
sfonts/cm/cmbx12.pfb></usr/local/texlive/2016/texmf-dist/fonts/type1/public/ams
fonts/cm/cmbxti10.pfb></usr/local/texlive/2016/texmf-dist/fonts/type1/public/am
sfonts/cm/cmitt10.pfb></usr/local/texlive/2016/texmf-dist/fonts/type1/public/am
sfonts/cm/cmr10.pfb></usr/local/texlive/2016/texmf-dist/fonts/type1/public/amsf
onts/cm/cmtt10.pfb>
Output written on HW5_SEM.pdf (43 pages, 177572 bytes).
PDF statistics:
 219 PDF objects out of 1000 (max. 8388607)
 149 compressed objects within 2 object streams
 0 named destinations out of 1000 (max. 500000)
 46 words of extra memory for PDF output out of 10000 (max. 10000000)

